c:\users\user\source\repos\sslserver\sslserver\x64\debug\vc143.pdb
c:\users\user\source\repos\sslserver\sslserver\x64\debug\main.obj
c:\users\user\source\repos\sslserver\sslserver\x64\debug\serverthread.obj
c:\users\user\source\repos\sslserver\sslserver\x64\debug\sslserver.obj
c:\users\user\source\repos\sslserver\sslserver\x64\debug\moc_sslserver.obj
c:\users\user\source\repos\sslserver\sslserver\x64\debug\moc_serverthread.obj
c:\users\user\source\repos\sslserver\x64\debug\sslserver.exe
c:\users\user\source\repos\sslserver\x64\debug\sslserver.pdb
c:\users\user\source\repos\sslserver\sslserver\x64\debug\moc\moc_serverthread.cpp
c:\users\user\source\repos\sslserver\sslserver\x64\debug\moc\moc_sslserver.cpp
c:\users\user\source\repos\sslserver\x64\debug\sslserver.ilk
c:\users\user\source\repos\sslserver\sslserver\x64\debug\sslserver.tlog\cl.command.1.tlog
c:\users\user\source\repos\sslserver\sslserver\x64\debug\sslserver.tlog\cl.items.tlog
c:\users\user\source\repos\sslserver\sslserver\x64\debug\sslserver.tlog\cl.read.1.tlog
c:\users\user\source\repos\sslserver\sslserver\x64\debug\sslserver.tlog\cl.write.1.tlog
c:\users\user\source\repos\sslserver\sslserver\x64\debug\sslserver.tlog\link.command.1.tlog
c:\users\user\source\repos\sslserver\sslserver\x64\debug\sslserver.tlog\link.read.1.tlog
c:\users\user\source\repos\sslserver\sslserver\x64\debug\sslserver.tlog\link.secondary.1.tlog
c:\users\user\source\repos\sslserver\sslserver\x64\debug\sslserver.tlog\link.write.1.tlog
c:\users\user\source\repos\sslserver\sslserver\x64\debug\sslserver.tlog\moc.read.1u.tlog
c:\users\user\source\repos\sslserver\sslserver\x64\debug\sslserver.tlog\moc.write.1u.tlog
c:\users\user\source\repos\sslserver\sslserver\x64\debug\sslserver.tlog\sslserver.write.1u.tlog
